{
  "stats": {
    "suites": 1,
    "tests": 1,
    "passes": 1,
    "pending": 0,
    "failures": 0,
    "start": "2021-07-26T03:11:03.769Z",
    "end": "2021-07-26T03:11:11.156Z",
    "duration": 7387,
    "testsRegistered": 1,
    "passPercent": 100,
    "pendingPercent": 0,
    "other": 0,
    "hasOther": false,
    "skipped": 0,
    "hasSkipped": false
  },
  "results": [
    {
      "uuid": "5ed8db5f-4d12-4e6a-819f-d060272d53b6",
      "title": "",
      "fullFile": "cypress/integration/login.js",
      "file": "cypress/integration/login.js",
      "beforeHooks": [],
      "afterHooks": [],
      "tests": [],
      "suites": [
        {
          "uuid": "f6775f5a-26cc-46a0-b8eb-babff63e2a5f",
          "title": "Login Test Suite",
          "fullFile": "",
          "file": "",
          "beforeHooks": [],
          "afterHooks": [],
          "tests": [
            {
              "title": "Login",
              "fullTitle": "Login Test Suite Login",
              "timedOut": null,
              "duration": 6326,
              "state": "passed",
              "speed": "slow",
              "pass": true,
              "fail": false,
              "pending": false,
              "context": null,
              "code": "cy.login(this.data.email, this.data.password); //Assert is logged in\ndashboard.closePopUp().should(\"be.visible\");\ndashboard.closePopUp().click();",
              "err": {},
              "uuid": "ee23f058-457d-4509-93b6-f2e9e4bc6dcf",
              "parentUUID": "f6775f5a-26cc-46a0-b8eb-babff63e2a5f",
              "isHook": false,
              "skipped": false
            }
          ],
          "suites": [],
          "passes": [
            "ee23f058-457d-4509-93b6-f2e9e4bc6dcf"
          ],
          "failures": [],
          "pending": [],
          "skipped": [],
          "duration": 6326,
          "root": false,
          "rootEmpty": false,
          "_timeout": 2000
        }
      ],
      "passes": [],
      "failures": [],
      "pending": [],
      "skipped": [],
      "duration": 0,
      "root": true,
      "rootEmpty": true,
      "_timeout": 2000
    }
  ],
  "meta": {
    "mocha": {
      "version": "7.0.1"
    },
    "mochawesome": {
      "options": {
        "quiet": false,
        "reportFilename": "mochawesome",
        "saveHtml": true,
        "saveJson": true,
        "consoleReporter": "spec",
        "useInlineDiffs": false,
        "code": true
      },
      "version": "6.2.2"
    },
    "marge": {
      "options": null,
      "version": "5.2.0"
    }
  }
}